
> bdc-client@0.1.0 dev
> vite


  VITE v5.4.19  ready in 68 ms

  ➜  Local:   http://localhost:5173/
  ➜  Network: use --host to expose
10:28:56 PM [vite] hmr update /src/pages/calendar/CalendarPage.jsx, /src/index.css
10:33:34 PM [vite] hmr update /src/pages/document/DocumentsPage.jsx, /src/index.css
10:33:49 PM [vite] hmr update /src/pages/notifications/NotificationsPage.jsx, /src/index.css
10:34:06 PM [vite] hmr update /src/pages/messaging/MessagingPage.jsx, /src/index.css
10:34:29 PM [vite] hmr update /src/pages/document/MyDocumentsPage.jsx, /src/index.css
10:34:39 PM [vite] hmr update /src/pages/document/DocumentDetailPage.jsx, /src/index.css
10:34:39 PM [vite] hmr update /src/pages/document/DocumentDetailPage.jsx, /src/index.css
10:35:05 PM [vite] hmr update /src/pages/document/DocumentUploadPage.jsx, /src/index.css
10:35:15 PM [vite] hmr update /src/pages/document/DocumentSharePage.jsx, /src/index.css
10:36:02 PM [vite] hmr update /src/pages/beneficiaries/BeneficiaryDetailPage.jsx, /src/index.css
10:36:13 PM [vite] hmr update /src/pages/beneficiaries/BeneficiaryDetailPage.jsx, /src/index.css
10:37:05 PM [vite] hmr update /src/pages/beneficiaries/BeneficiaryDetailPage.jsx, /src/index.css
10:37:32 PM [vite] hmr update /src/pages/beneficiaries/BeneficiaryDetailPage.jsx, /src/index.css
10:40:36 PM [vite] hmr update /src/context/AuthContext.jsx, /src/index.css
10:41:23 PM [vite] hmr update /src/context/AuthContext.jsx, /src/index.css
10:43:01 PM [vite] hmr update /src/pages/beneficiaries/BeneficiaryDetailPage.jsx, /src/index.css
10:43:07 PM [vite] hmr update /src/pages/beneficiaries/BeneficiaryDetailPage.jsx, /src/index.css
10:45:59 PM [vite] hmr update /src/pages/programs/ProgramsListPage.jsx, /src/index.css
10:47:45 PM [vite] hmr update /src/pages/auth/LoginPage.jsx, /src/index.css
11:11:48 PM [vite] hmr update /src/App.jsx, /src/index.css
11:12:00 PM [vite] hmr update /src/components/common/RoleBasedRedirect.jsx, /src/index.css
11:12:05 PM [vite] hmr update /src/components/common/RoleBasedRedirect.jsx, /src/index.css
11:17:01 PM [vite] hmr update /src/App.jsx, /src/index.css
11:17:07 PM [vite] hmr update /src/App.jsx, /src/index.css
11:17:31 PM [vite] page reload src/components/ui/spinner.jsx
11:22:02 PM [vite] hmr update /src/pages/dashboard/DashboardPageEnhanced.jsx, /src/index.css
11:24:01 PM [vite] hmr update /src/context/AuthContext.jsx, /src/index.css, /src/TestLogin.jsx, /src/pages/auth/ForgotPasswordPage.jsx, /src/pages/auth/ResetPasswordPage.jsx, /src/pages/beneficiaries/BeneficiaryDetailPage.jsx, /src/pages/beneficiaries/BeneficiariesPage.jsx, /src/pages/beneficiaries/TrainerAssignmentPage.jsx, /src/pages/beneficiaries/BeneficiaryFormPage.jsx, /src/pages/users/UserFormPage.jsx, /src/pages/profile/ProfilePage.jsx, /src/pages/settings/SettingsPage.jsx, /src/pages/users/UsersPage.jsx, /src/pages/beneficiaries/ProgressTrackingPage.jsx, /src/pages/admin/TenantDetailPage.jsx, /src/pages/users/UserDetailPage.jsx, /src/pages/admin/TenantsPage.jsx, /src/pages/admin/TenantEditPage.jsx, /src/pages/evaluation/MyEvaluationsPage.jsx, /src/pages/evaluation/TestCreationPage.jsx, /src/pages/evaluation/EvaluationsPage.jsx, /src/pages/evaluation/TestSessionPage.jsx, /src/pages/evaluation/TestResultsPage.jsx, /src/pages/evaluation/TrainerEvaluationDetailPage.jsx, /src/pages/evaluation/AIAnalysisPage.jsx, /src/pages/calendar/CalendarPage.jsx, /src/pages/evaluation/TrainerEvaluationPage.jsx, /src/pages/calendar/AvailabilitySettingsPage.jsx, /src/pages/calendar/GoogleCalendarSyncPage.jsx, /src/pages/calendar/CalendarPageV2.jsx, /src/pages/document/MyDocumentsPage.jsx, /src/pages/calendar/AvailabilitySettingsPageV2.jsx, /src/pages/document/DocumentsPage.jsx, /src/pages/document/DocumentSharePage.jsx, /src/pages/document/DocumentUploadPage.jsx, /src/pages/document/DocumentDetailPage.jsx, /src/pages/notifications/NotificationsPage.jsx, /src/pages/messaging/MessagingPage.jsx, /src/providers/NotificationProviderV2.jsx, /src/pages/dashboard/DashboardPage.jsx, /src/pages/settings/NotificationSettingsPage.jsx, /src/pages/dashboard/DashboardPageV3.jsx, /src/pages/test/NotificationTestPage.jsx, /src/pages/analytics/ProgramAnalyticsPageV2.jsx, /src/pages/analytics/AnalyticsDashboardPage.jsx, /src/pages/analytics/TrainerAnalyticsPage.jsx, /src/pages/analytics/ProgramAnalyticsPage.jsx, /src/pages/analytics/BeneficiaryAnalyticsPage.jsx, /src/pages/programs/ProgramsListPage.jsx, /src/pages/programs/CreateProgramPage.jsx, /src/pages/reports/ReportSchedulePage.jsx, /src/pages/portal/PortalDashboardPage.jsx, /src/pages/portal/PortalDashboardV2.jsx, /src/pages/portal/PortalCoursesPage.jsx, /src/pages/portal/PortalDashboardV3.jsx, /src/pages/portal/PortalResourcesPage.jsx, /src/pages/portal/PortalModuleDetailPage.jsx, /src/pages/portal/PortalAchievementsPage.jsx, /src/pages/portal/PortalSkillsPage.jsx, /src/pages/portal/PortalCalendarPage.jsx, /src/pages/portal/PortalProfilePage.jsx, /src/pages/portal/assessment/PortalAssessmentsPage.jsx, /src/pages/portal/assessment/PortalQuizPage.jsx, /src/pages/portal/assessment/PortalAssessmentResultsPage.jsx, /src/pages/portal/PortalNotificationsPage.jsx, /src/pages/portal/assessment/PortalAssessmentSubmissionPage.jsx, /src/pages/portal/PortalProgressPage.jsx, /src/pages/assessment/TrainerBulkGradingPage.jsx, /src/pages/assessment/TrainerRubricBuilderPage.jsx, /src/pages/evaluation/TestResultsPageV2.jsx, /src/pages/evaluation/AIAnalysisPageV2.jsx, /src/pages/evaluation/TestCreationPageV2.jsx, /src/components/appointment/AppointmentModal.jsx, /src/pages/reports/ReportsDashboardPage.jsx, /src/pages/reports/ReportCreationPage.jsx, /src/components/notifications/RealTimeNotifications.jsx, /src/pages/dashboard/DashboardPageEnhanced.jsx
11:24:01 PM [vite] hmr invalidate /src/context/AuthContext.jsx Could not Fast Refresh ("AuthContext" export is incompatible). Learn more at https://github.com/vitejs/vite-plugin-react/tree/main/packages/plugin-react#consistent-components-exports
11:24:01 PM [vite] page reload src/context/AuthContext.jsx
11:24:01 PM [vite] hmr invalidate /src/providers/NotificationProviderV2.jsx Could not Fast Refresh ("useNotifications" export is incompatible). Learn more at https://github.com/vitejs/vite-plugin-react/tree/main/packages/plugin-react#consistent-components-exports
11:24:01 PM [vite] hmr update /src/App.jsx, /src/index.css
11:24:17 PM [vite] hmr update /src/pages/dashboard/DashboardPageEnhanced.jsx, /src/index.css
11:27:40 PM [vite] hmr update /src/pages/settings/SettingsPage.jsx, /src/index.css
11:27:49 PM [vite] hmr update /src/pages/settings/SettingsPage.jsx, /src/index.css
11:28:10 PM [vite] hmr update /src/pages/settings/SettingsPage.jsx, /src/index.css
11:28:17 PM [vite] hmr update /src/pages/settings/SettingsPage.jsx, /src/index.css
11:30:03 PM [vite] hmr update /src/pages/settings/SettingsPage.jsx, /src/index.css
11:30:10 PM [vite] hmr update /src/pages/settings/SettingsPage.jsx, /src/index.css
11:30:49 PM [vite] hmr update /src/context/AuthContext.jsx, /src/index.css, /src/TestLogin.jsx, /src/pages/auth/ForgotPasswordPage.jsx, /src/pages/auth/ResetPasswordPage.jsx, /src/pages/beneficiaries/BeneficiaryDetailPage.jsx, /src/pages/beneficiaries/BeneficiariesPage.jsx, /src/pages/beneficiaries/TrainerAssignmentPage.jsx, /src/pages/beneficiaries/BeneficiaryFormPage.jsx, /src/pages/users/UserFormPage.jsx, /src/pages/profile/ProfilePage.jsx, /src/pages/settings/SettingsPage.jsx, /src/pages/users/UsersPage.jsx, /src/pages/beneficiaries/ProgressTrackingPage.jsx, /src/pages/admin/TenantDetailPage.jsx, /src/pages/users/UserDetailPage.jsx, /src/pages/admin/TenantsPage.jsx, /src/pages/admin/TenantEditPage.jsx, /src/pages/evaluation/MyEvaluationsPage.jsx, /src/pages/evaluation/TestCreationPage.jsx, /src/pages/evaluation/EvaluationsPage.jsx, /src/pages/evaluation/TestSessionPage.jsx, /src/pages/evaluation/TestResultsPage.jsx, /src/pages/evaluation/TrainerEvaluationDetailPage.jsx, /src/pages/evaluation/AIAnalysisPage.jsx, /src/pages/calendar/CalendarPage.jsx, /src/pages/evaluation/TrainerEvaluationPage.jsx, /src/pages/calendar/AvailabilitySettingsPage.jsx, /src/pages/calendar/GoogleCalendarSyncPage.jsx, /src/pages/calendar/CalendarPageV2.jsx, /src/pages/document/MyDocumentsPage.jsx, /src/pages/calendar/AvailabilitySettingsPageV2.jsx, /src/pages/document/DocumentsPage.jsx, /src/pages/document/DocumentSharePage.jsx, /src/pages/document/DocumentUploadPage.jsx, /src/pages/document/DocumentDetailPage.jsx, /src/pages/notifications/NotificationsPage.jsx, /src/pages/messaging/MessagingPage.jsx, /src/providers/NotificationProviderV2.jsx, /src/pages/dashboard/DashboardPage.jsx, /src/pages/settings/NotificationSettingsPage.jsx, /src/pages/dashboard/DashboardPageV3.jsx, /src/pages/test/NotificationTestPage.jsx, /src/pages/analytics/ProgramAnalyticsPageV2.jsx, /src/pages/analytics/AnalyticsDashboardPage.jsx, /src/pages/analytics/TrainerAnalyticsPage.jsx, /src/pages/analytics/ProgramAnalyticsPage.jsx, /src/pages/analytics/BeneficiaryAnalyticsPage.jsx, /src/pages/programs/ProgramsListPage.jsx, /src/pages/programs/CreateProgramPage.jsx, /src/pages/reports/ReportSchedulePage.jsx, /src/pages/portal/PortalDashboardPage.jsx, /src/pages/portal/PortalDashboardV2.jsx, /src/pages/portal/PortalCoursesPage.jsx, /src/pages/portal/PortalDashboardV3.jsx, /src/pages/portal/PortalResourcesPage.jsx, /src/pages/portal/PortalModuleDetailPage.jsx, /src/pages/portal/PortalAchievementsPage.jsx, /src/pages/portal/PortalSkillsPage.jsx, /src/pages/portal/PortalCalendarPage.jsx, /src/pages/portal/PortalProfilePage.jsx, /src/pages/portal/assessment/PortalAssessmentsPage.jsx, /src/pages/portal/assessment/PortalQuizPage.jsx, /src/pages/portal/assessment/PortalAssessmentResultsPage.jsx, /src/pages/portal/PortalNotificationsPage.jsx, /src/pages/portal/assessment/PortalAssessmentSubmissionPage.jsx, /src/pages/portal/PortalProgressPage.jsx, /src/pages/assessment/TrainerBulkGradingPage.jsx, /src/pages/assessment/TrainerRubricBuilderPage.jsx, /src/pages/evaluation/TestResultsPageV2.jsx, /src/pages/evaluation/AIAnalysisPageV2.jsx, /src/pages/evaluation/TestCreationPageV2.jsx, /src/components/appointment/AppointmentModal.jsx, /src/pages/reports/ReportsDashboardPage.jsx, /src/pages/reports/ReportCreationPage.jsx, /src/components/notifications/RealTimeNotifications.jsx, /src/pages/dashboard/DashboardPageEnhanced.jsx, /src/pages/settings/AISettingsPage.jsx, /src/pages/settings/AISettingsContent.jsx
11:30:49 PM [vite] hmr invalidate /src/context/AuthContext.jsx Could not Fast Refresh ("AuthContext" export is incompatible). Learn more at https://github.com/vitejs/vite-plugin-react/tree/main/packages/plugin-react#consistent-components-exports
11:30:49 PM [vite] page reload src/context/AuthContext.jsx
11:30:49 PM [vite] hmr invalidate /src/providers/NotificationProviderV2.jsx Could not Fast Refresh ("useNotifications" export is incompatible). Learn more at https://github.com/vitejs/vite-plugin-react/tree/main/packages/plugin-react#consistent-components-exports
11:30:49 PM [vite] hmr update /src/App.jsx, /src/index.css
11:31:03 PM [vite] hmr update /src/context/AuthContext.jsx, /src/index.css, /src/TestLogin.jsx, /src/pages/auth/ForgotPasswordPage.jsx, /src/pages/auth/ResetPasswordPage.jsx, /src/pages/beneficiaries/BeneficiaryDetailPage.jsx, /src/pages/beneficiaries/BeneficiariesPage.jsx, /src/pages/beneficiaries/TrainerAssignmentPage.jsx, /src/pages/beneficiaries/BeneficiaryFormPage.jsx, /src/pages/users/UserFormPage.jsx, /src/pages/profile/ProfilePage.jsx, /src/pages/settings/SettingsPage.jsx, /src/pages/users/UsersPage.jsx, /src/pages/beneficiaries/ProgressTrackingPage.jsx, /src/pages/admin/TenantDetailPage.jsx, /src/pages/users/UserDetailPage.jsx, /src/pages/admin/TenantsPage.jsx, /src/pages/admin/TenantEditPage.jsx, /src/pages/evaluation/MyEvaluationsPage.jsx, /src/pages/evaluation/TestCreationPage.jsx, /src/pages/evaluation/EvaluationsPage.jsx, /src/pages/evaluation/TestSessionPage.jsx, /src/pages/evaluation/TestResultsPage.jsx, /src/pages/evaluation/TrainerEvaluationDetailPage.jsx, /src/pages/evaluation/AIAnalysisPage.jsx, /src/pages/calendar/CalendarPage.jsx, /src/pages/evaluation/TrainerEvaluationPage.jsx, /src/pages/calendar/AvailabilitySettingsPage.jsx, /src/pages/calendar/GoogleCalendarSyncPage.jsx, /src/pages/calendar/CalendarPageV2.jsx, /src/pages/document/MyDocumentsPage.jsx, /src/pages/calendar/AvailabilitySettingsPageV2.jsx, /src/pages/document/DocumentsPage.jsx, /src/pages/document/DocumentSharePage.jsx, /src/pages/document/DocumentUploadPage.jsx, /src/pages/document/DocumentDetailPage.jsx, /src/pages/notifications/NotificationsPage.jsx, /src/pages/messaging/MessagingPage.jsx, /src/providers/NotificationProviderV2.jsx, /src/pages/dashboard/DashboardPage.jsx, /src/pages/settings/NotificationSettingsPage.jsx, /src/pages/dashboard/DashboardPageV3.jsx, /src/pages/test/NotificationTestPage.jsx, /src/pages/analytics/ProgramAnalyticsPageV2.jsx, /src/pages/analytics/AnalyticsDashboardPage.jsx, /src/pages/analytics/TrainerAnalyticsPage.jsx, /src/pages/analytics/ProgramAnalyticsPage.jsx, /src/pages/analytics/BeneficiaryAnalyticsPage.jsx, /src/pages/programs/ProgramsListPage.jsx, /src/pages/programs/CreateProgramPage.jsx, /src/pages/reports/ReportSchedulePage.jsx, /src/pages/portal/PortalDashboardPage.jsx, /src/pages/portal/PortalDashboardV2.jsx, /src/pages/portal/PortalCoursesPage.jsx, /src/pages/portal/PortalDashboardV3.jsx, /src/pages/portal/PortalResourcesPage.jsx, /src/pages/portal/PortalModuleDetailPage.jsx, /src/pages/portal/PortalAchievementsPage.jsx, /src/pages/portal/PortalSkillsPage.jsx, /src/pages/portal/PortalCalendarPage.jsx, /src/pages/portal/PortalProfilePage.jsx, /src/pages/portal/assessment/PortalAssessmentsPage.jsx, /src/pages/portal/assessment/PortalQuizPage.jsx, /src/pages/portal/assessment/PortalAssessmentResultsPage.jsx, /src/pages/portal/PortalNotificationsPage.jsx, /src/pages/portal/assessment/PortalAssessmentSubmissionPage.jsx, /src/pages/portal/PortalProgressPage.jsx, /src/pages/assessment/TrainerBulkGradingPage.jsx, /src/pages/assessment/TrainerRubricBuilderPage.jsx, /src/pages/evaluation/TestResultsPageV2.jsx, /src/pages/evaluation/AIAnalysisPageV2.jsx, /src/pages/evaluation/TestCreationPageV2.jsx, /src/components/appointment/AppointmentModal.jsx, /src/pages/reports/ReportsDashboardPage.jsx, /src/pages/reports/ReportCreationPage.jsx, /src/components/notifications/RealTimeNotifications.jsx, /src/pages/dashboard/DashboardPageEnhanced.jsx, /src/pages/settings/AISettingsPage.jsx, /src/pages/settings/AISettingsContent.jsx
11:31:03 PM [vite] hmr invalidate /src/context/AuthContext.jsx Could not Fast Refresh ("AuthContext" export is incompatible). Learn more at https://github.com/vitejs/vite-plugin-react/tree/main/packages/plugin-react#consistent-components-exports
11:31:03 PM [vite] page reload src/context/AuthContext.jsx
11:31:03 PM [vite] hmr invalidate /src/providers/NotificationProviderV2.jsx Could not Fast Refresh ("useNotifications" export is incompatible). Learn more at https://github.com/vitejs/vite-plugin-react/tree/main/packages/plugin-react#consistent-components-exports
11:31:03 PM [vite] hmr update /src/App.jsx, /src/index.css
11:37:46 PM [vite] hmr update /src/pages/dashboard/DashboardPageEnhanced.jsx, /src/index.css
11:38:04 PM [vite] hmr update /src/pages/dashboard/DashboardPageEnhanced.jsx, /src/index.css
11:38:15 PM [vite] hmr update /src/pages/dashboard/DashboardPageEnhanced.jsx, /src/index.css
11:38:41 PM [vite] hmr update /src/pages/dashboard/DashboardPageEnhanced.jsx, /src/index.css
11:38:48 PM [vite] hmr update /src/pages/dashboard/DashboardPageEnhanced.jsx, /src/index.css
11:38:57 PM [vite] hmr update /src/pages/dashboard/DashboardPageEnhanced.jsx, /src/index.css
11:39:05 PM [vite] hmr update /src/pages/dashboard/DashboardPageEnhanced.jsx, /src/index.css
11:39:19 PM [vite] hmr update /src/pages/dashboard/DashboardPageEnhanced.jsx, /src/index.css
11:39:45 PM [vite] hmr update /src/pages/auth/LoginPage.jsx, /src/index.css
11:40:08 PM [vite] hmr update /src/pages/auth/LoginPage.jsx, /src/index.css
11:40:22 PM [vite] hmr update /src/pages/auth/LoginPage.jsx, /src/index.css
11:40:22 PM [vite] hmr update /src/pages/auth/LoginPage.jsx, /src/index.css
11:41:46 PM [vite] hmr update /src/pages/settings/SettingsPage.jsx, /src/index.css
11:41:58 PM [vite] hmr update /src/pages/settings/SettingsPage.jsx, /src/index.css
11:42:14 PM [vite] hmr update /src/pages/settings/SettingsPage.jsx, /src/index.css
11:42:19 PM [vite] hmr update /src/pages/settings/SettingsPage.jsx, /src/index.css
11:42:27 PM [vite] hmr update /src/pages/settings/SettingsPage.jsx, /src/index.css
11:42:41 PM [vite] page reload src/pages/beneficiaries/BeneficiariesPageEnhanced.jsx
11:43:00 PM [vite] page reload src/pages/beneficiaries/BeneficiariesPageEnhanced.jsx
11:43:06 PM [vite] page reload src/pages/beneficiaries/BeneficiariesPageEnhanced.jsx
11:43:18 PM [vite] page reload src/pages/beneficiaries/BeneficiariesPageEnhanced.jsx
11:43:29 PM [vite] page reload src/pages/beneficiaries/BeneficiariesPageEnhanced.jsx
11:43:29 PM [vite] page reload src/pages/beneficiaries/BeneficiariesPageEnhanced.jsx
11:44:02 PM [vite] page reload src/pages/beneficiaries/BeneficiariesPageEnhanced.jsx
11:44:07 PM [vite] page reload src/pages/beneficiaries/BeneficiariesPageEnhanced.jsx
11:44:07 PM [vite] page reload src/pages/beneficiaries/BeneficiariesPageEnhanced.jsx
11:44:23 PM [vite] page reload src/pages/beneficiaries/BeneficiariesPageEnhanced.jsx
11:44:31 PM [vite] page reload src/pages/beneficiaries/BeneficiariesPageEnhanced.jsx
11:45:37 PM [vite] hmr update /src/pages/portal/PortalDashboardV3.jsx, /src/index.css
11:45:58 PM [vite] hmr update /src/pages/portal/PortalDashboardV3.jsx, /src/index.css
11:46:14 PM [vite] hmr update /src/pages/portal/PortalDashboardV3.jsx, /src/index.css
11:46:26 PM [vite] hmr update /src/pages/portal/PortalDashboardV3.jsx, /src/index.css
11:46:36 PM [vite] hmr update /src/pages/portal/PortalDashboardV3.jsx, /src/index.css
11:46:47 PM [vite] hmr update /src/pages/portal/PortalDashboardV3.jsx, /src/index.css
11:46:53 PM [vite] hmr update /src/pages/portal/PortalDashboardV3.jsx, /src/index.css
11:46:53 PM [vite] hmr update /src/pages/portal/PortalDashboardV3.jsx, /src/index.css
11:47:12 PM [vite] hmr update /src/pages/portal/PortalDashboardV3.jsx, /src/index.css
11:47:17 PM [vite] hmr update /src/pages/portal/PortalDashboardV3.jsx, /src/index.css
11:47:23 PM [vite] hmr update /src/pages/portal/PortalDashboardV3.jsx, /src/index.css
11:47:33 PM [vite] hmr update /src/pages/portal/PortalDashboardV3.jsx, /src/index.css
11:47:38 PM [vite] hmr update /src/pages/portal/PortalDashboardV3.jsx, /src/index.css
11:47:43 PM [vite] hmr update /src/pages/portal/PortalDashboardV3.jsx, /src/index.css
11:47:53 PM [vite] hmr update /src/pages/portal/PortalDashboardV3.jsx, /src/index.css
11:48:05 PM [vite] hmr update /src/pages/portal/PortalDashboardV3.jsx, /src/index.css
11:48:20 PM [vite] page reload src/pages/evaluation/EvaluationsPageEnhanced.jsx
11:48:37 PM [vite] page reload src/pages/evaluation/EvaluationsPageEnhanced.jsx
11:48:50 PM [vite] page reload src/pages/evaluation/EvaluationsPageEnhanced.jsx
11:49:06 PM [vite] page reload src/pages/evaluation/EvaluationsPageEnhanced.jsx
11:49:11 PM [vite] page reload src/pages/evaluation/EvaluationsPageEnhanced.jsx
11:49:11 PM [vite] page reload src/pages/evaluation/EvaluationsPageEnhanced.jsx
11:49:29 PM [vite] page reload src/pages/evaluation/EvaluationsPageEnhanced.jsx
11:49:40 PM [vite] page reload src/pages/evaluation/EvaluationsPageEnhanced.jsx
11:49:52 PM [vite] page reload src/pages/evaluation/EvaluationsPageEnhanced.jsx
11:49:59 PM [vite] page reload src/pages/evaluation/EvaluationsPageEnhanced.jsx
11:50:12 PM [vite] page reload src/pages/evaluation/EvaluationsPageEnhanced.jsx
11:50:12 PM [vite] page reload src/pages/evaluation/EvaluationsPageEnhanced.jsx
11:50:18 PM [vite] page reload src/pages/evaluation/EvaluationsPageEnhanced.jsx
11:50:32 PM [vite] page reload src/pages/evaluation/EvaluationsPageEnhanced.jsx
10:02:52 AM [vite] hmr update /src/pages/auth/LoginPage.jsx, /src/index.css
10:03:08 AM [vite] hmr update /src/pages/auth/LoginPage.jsx, /src/index.css
10:03:19 AM [vite] hmr update /src/pages/auth/LoginPage.jsx, /src/index.css
10:03:25 AM [vite] hmr update /src/pages/auth/LoginPage.jsx, /src/index.css
10:03:43 AM [vite] hmr update /src/components/appointment/AppointmentModal.jsx, /src/index.css
10:04:13 AM [vite] hmr update /src/components/appointment/AppointmentModal.jsx, /src/index.css
10:04:20 AM [vite] hmr update /src/components/appointment/AppointmentModal.jsx, /src/index.css
10:04:26 AM [vite] hmr update /src/components/appointment/AppointmentModal.jsx, /src/index.css
10:04:46 AM [vite] hmr update /src/components/appointment/AppointmentModal.jsx, /src/index.css
10:04:52 AM [vite] hmr update /src/components/appointment/AppointmentModal.jsx, /src/index.css
10:05:00 AM [vite] hmr update /src/components/appointment/AppointmentModal.jsx, /src/index.css
10:06:24 AM [vite] hmr update /src/pages/portal/PortalDashboardV3.jsx, /src/index.css
10:06:42 AM [vite] hmr update /src/pages/portal/PortalDashboardV3.jsx, /src/index.css
10:07:44 AM [vite] hmr update /src/App.jsx, /src/index.css
10:07:45 AM [vite] Pre-transform error: /Users/mikail/Desktop/BDC/client/src/App.jsx: Identifier 'ThemeProvider' has already been declared. (99:7)

   97 | import NotificationPreferencesPageV2 from './pages/settings/NotificationPreferencesPageV2';
   98 | import NotificationProviderV2 from './providers/NotificationProviderV2';
>  99 | import ThemeProvider from './providers/ThemeProvider';
      |        ^
  100 | import GlobalErrorHandler from './components/common/GlobalErrorHandler';
  101 |
  102 | // Dashboard
10:07:45 AM [vite] Internal server error: /Users/mikail/Desktop/BDC/client/src/App.jsx: Identifier 'ThemeProvider' has already been declared. (99:7)

   97 | import NotificationPreferencesPageV2 from './pages/settings/NotificationPreferencesPageV2';
   98 | import NotificationProviderV2 from './providers/NotificationProviderV2';
>  99 | import ThemeProvider from './providers/ThemeProvider';
      |        ^
  100 | import GlobalErrorHandler from './components/common/GlobalErrorHandler';
  101 |
  102 | // Dashboard
  Plugin: vite:react-babel
  File: /Users/mikail/Desktop/BDC/client/src/App.jsx:99:7
  97 |  import NotificationPreferencesPageV2 from './pages/settings/NotificationPreferencesPageV2';
  98 |  import NotificationProviderV2 from './providers/NotificationProviderV2';
  99 |  import ThemeProvider from './providers/ThemeProvider';
     |         ^
  100|  import GlobalErrorHandler from './components/common/GlobalErrorHandler';
  101|  
      at constructor (/Users/mikail/Desktop/BDC/client/node_modules/@babel/parser/lib/index.js:360:19)
      at JSXParserMixin.raise (/Users/mikail/Desktop/BDC/client/node_modules/@babel/parser/lib/index.js:6613:19)
      at ScopeHandler.checkRedeclarationInScope (/Users/mikail/Desktop/BDC/client/node_modules/@babel/parser/lib/index.js:1620:19)
      at ScopeHandler.declareName (/Users/mikail/Desktop/BDC/client/node_modules/@babel/parser/lib/index.js:1586:12)
      at JSXParserMixin.declareNameFromIdentifier (/Users/mikail/Desktop/BDC/client/node_modules/@babel/parser/lib/index.js:7542:16)
      at JSXParserMixin.checkIdentifier (/Users/mikail/Desktop/BDC/client/node_modules/@babel/parser/lib/index.js:7538:12)
      at JSXParserMixin.checkLVal (/Users/mikail/Desktop/BDC/client/node_modules/@babel/parser/lib/index.js:7479:12)
      at JSXParserMixin.finishImportSpecifier (/Users/mikail/Desktop/BDC/client/node_modules/@babel/parser/lib/index.js:14138:10)
      at JSXParserMixin.parseImportSpecifierLocal (/Users/mikail/Desktop/BDC/client/node_modules/@babel/parser/lib/index.js:14135:31)
      at JSXParserMixin.maybeParseDefaultImportSpecifier (/Users/mikail/Desktop/BDC/client/node_modules/@babel/parser/lib/index.js:14242:12)
      at JSXParserMixin.parseImportSpecifiersAndAfter (/Users/mikail/Desktop/BDC/client/node_modules/@babel/parser/lib/index.js:14111:29)
      at JSXParserMixin.parseImport (/Users/mikail/Desktop/BDC/client/node_modules/@babel/parser/lib/index.js:14107:17)
      at JSXParserMixin.parseStatementContent (/Users/mikail/Desktop/BDC/client/node_modules/@babel/parser/lib/index.js:12752:27)
      at JSXParserMixin.parseStatementLike (/Users/mikail/Desktop/BDC/client/node_modules/@babel/parser/lib/index.js:12644:17)
      at JSXParserMixin.parseModuleItem (/Users/mikail/Desktop/BDC/client/node_modules/@babel/parser/lib/index.js:12621:17)
      at JSXParserMixin.parseBlockOrModuleBlockBody (/Users/mikail/Desktop/BDC/client/node_modules/@babel/parser/lib/index.js:13192:36)
      at JSXParserMixin.parseBlockBody (/Users/mikail/Desktop/BDC/client/node_modules/@babel/parser/lib/index.js:13185:10)
      at JSXParserMixin.parseProgram (/Users/mikail/Desktop/BDC/client/node_modules/@babel/parser/lib/index.js:12514:10)
      at JSXParserMixin.parseTopLevel (/Users/mikail/Desktop/BDC/client/node_modules/@babel/parser/lib/index.js:12504:25)
      at JSXParserMixin.parse (/Users/mikail/Desktop/BDC/client/node_modules/@babel/parser/lib/index.js:14364:10)
      at parse (/Users/mikail/Desktop/BDC/client/node_modules/@babel/parser/lib/index.js:14398:38)
      at parser (/Users/mikail/Desktop/BDC/client/node_modules/@babel/core/lib/parser/index.js:41:34)
      at parser.next (<anonymous>)
      at normalizeFile (/Users/mikail/Desktop/BDC/client/node_modules/@babel/core/lib/transformation/normalize-file.js:64:37)
      at normalizeFile.next (<anonymous>)
      at run (/Users/mikail/Desktop/BDC/client/node_modules/@babel/core/lib/transformation/index.js:22:50)
      at run.next (<anonymous>)
      at transform (/Users/mikail/Desktop/BDC/client/node_modules/@babel/core/lib/transform.js:22:33)
      at transform.next (<anonymous>)
      at step (/Users/mikail/Desktop/BDC/client/node_modules/gensync/index.js:261:32)
      at /Users/mikail/Desktop/BDC/client/node_modules/gensync/index.js:273:13
      at async.call.result.err.err (/Users/mikail/Desktop/BDC/client/node_modules/gensync/index.js:223:11)
      at /Users/mikail/Desktop/BDC/client/node_modules/gensync/index.js:189:28
      at /Users/mikail/Desktop/BDC/client/node_modules/@babel/core/lib/gensync-utils/async.js:67:7
      at /Users/mikail/Desktop/BDC/client/node_modules/gensync/index.js:113:33
      at step (/Users/mikail/Desktop/BDC/client/node_modules/gensync/index.js:287:14)
      at /Users/mikail/Desktop/BDC/client/node_modules/gensync/index.js:273:13
      at async.call.result.err.err (/Users/mikail/Desktop/BDC/client/node_modules/gensync/index.js:223:11)
10:08:19 AM [vite] hmr update /src/components/layout/Header.jsx, /src/index.css
10:08:42 AM [vite] hmr update /src/components/layout/Header.jsx, /src/index.css
10:08:50 AM [vite] hmr update /src/components/layout/Header.jsx, /src/index.css
10:09:26 AM [vite] hmr update /src/index.css
10:23:24 AM [vite] page reload public/test-beneficiaries.html
10:23:24 AM [vite] page reload public/test-beneficiaries.html
10:53:13 AM [vite] page reload public/test-users.html
10:53:13 AM [vite] page reload public/test-users.html
10:56:08 AM [vite] page reload public/test-tenants.html
10:56:08 AM [vite] page reload public/test-tenants.html
10:59:07 AM [vite] page reload public/test-programs.html
10:59:07 AM [vite] page reload public/test-programs.html
10:59:57 AM [vite] page reload public/test-programs.html
11:01:49 AM [vite] page reload public/test-calendar.html
11:01:49 AM [vite] page reload public/test-calendar.html
11:03:14 AM [vite] page reload public/test-calendar.html
11:05:13 AM [vite] page reload public/test-documents.html
11:05:13 AM [vite] page reload public/test-documents.html
11:07:22 AM [vite] page reload public/test-documents.html
11:11:44 AM [vite] page reload public/test-evaluations.html
11:11:44 AM [vite] page reload public/test-evaluations.html
11:14:51 AM [vite] page reload public/test-reports.html
11:14:51 AM [vite] page reload public/test-reports.html
11:18:07 AM [vite] page reload public/test-user-settings.html
11:18:07 AM [vite] page reload public/test-user-settings.html
1:28:54 PM [vite] vite.config.js changed, restarting server...
Re-optimizing dependencies because lockfile has changed
1:28:54 PM [vite] server restarted.
Error:   Failed to scan for dependencies from entries:
  /Users/mikail/Desktop/BDC/client/index.html
/Users/mikail/Desktop/BDC/client/public/test-auth.html
/Users/mikail/Desktop/BDC/client/public/test-beneficiaries.html
/Users/mikail/Desktop/BDC/client/public/test-calendar.html
/Users/mikail/Desktop/BDC/client/public/test-documents.html
/Users/mikail/Desktop/BDC/client/public/test-evaluations.html
/Users/mikail/Desktop/BDC/client/public/test-login.html
/Users/mikail/Desktop/BDC/client/public/test-navigation.html
/Users/mikail/Desktop/BDC/client/public/test-programs.html
/Users/mikail/Desktop/BDC/client/public/test-reports.html
/Users/mikail/Desktop/BDC/client/public/test-tenants.html
/Users/mikail/Desktop/BDC/client/public/test-user-settings.html
/Users/mikail/Desktop/BDC/client/public/test-users.html
/Users/mikail/Desktop/BDC/client/public/test.html
/Users/mikail/Desktop/BDC/client/public/ui-test-runner.html

  [31m✘ [41;31m[[41;97mERROR[41;31m][0m [1mThe symbol "ThemeProvider" has already been declared[0m

    src/App.jsx:99:7:
[37m      99 │ import [32mThemeProvider[37m from './providers/ThemeProvider';
         ╵        [32m~~~~~~~~~~~~~[0m

  The symbol "ThemeProvider" was originally declared here:

    src/App.jsx:9:9:
[37m      9 │ import { [32mThemeProvider[37m } from './contexts/ThemeContext';
        ╵          [32m~~~~~~~~~~~~~[0m


[31m✘ [41;31m[[41;97mERROR[41;31m][0m [1mUnexpected closing "Card" tag does not match opening "AnimatedCard" tag[0m

    src/pages/dashboard/DashboardPageEnhanced.jsx:182:8:
[37m      182 │       </[32mCard[37m>
          │         [32m~~~~[37m
          ╵         [32mAnimatedCard[0m

  The opening "AnimatedCard" tag is here:

    src/pages/dashboard/DashboardPageEnhanced.jsx:153:7:
[37m      153 │       <[32mAnimatedCard[37m className="hover:shadow-lg transition-shadow ...
          ╵        [32m~~~~~~~~~~~~[0m


[31m✘ [41;31m[[41;97mERROR[41;31m][0m [1mUnexpected closing "div" tag does not match opening "motion.div" tag[0m

    src/pages/dashboard/DashboardPageEnhanced.jsx:278:10:
[37m      278 │         </[32mdiv[37m>
          │           [32m~~~[37m
          ╵           [32mmotion.div[0m

  The opening "motion.div" tag is here:

    src/pages/dashboard/DashboardPageEnhanced.jsx:208:9:
[37m      208 │         <[32mmotion.div[37m 
          ╵          [32m~~~~~~~~~~[0m


[31m✘ [41;31m[[41;97mERROR[41;31m][0m [1mUnexpected closing "motion.div" tag does not match opening "div" tag[0m

    src/pages/dashboard/DashboardPageEnhanced.jsx:405:10:
[37m      405 │         </[32mmotion.div[37m>
          │           [32m~~~~~~~~~~[37m
          ╵           [32mdiv[0m

  The opening "div" tag is here:

    src/pages/dashboard/DashboardPageEnhanced.jsx:281:9:
[37m      281 │         <[32mdiv[37m className="grid grid-cols-1 gap-6 lg:grid-cols-2">
          ╵          [32m~~~[0m


[31m✘ [41;31m[[41;97mERROR[41;31m][0m [1mUnexpected closing "div" tag does not match opening "OptimizedAnimation" tag[0m

    src/pages/portal/PortalDashboardV3.jsx:390:10:
[37m      390 │         </[32mdiv[37m>
          │           [32m~~~[37m
          ╵           [32mOptimizedAnimation[0m

  The opening "OptimizedAnimation" tag is here:

    src/pages/portal/PortalDashboardV3.jsx:314:11:
[37m      314 │           <[32mOptimizedAnimation[37m threshold={0.3}>
          ╵            [32m~~~~~~~~~~~~~~~~~~[0m


[31m✘ [41;31m[[41;97mERROR[41;31m][0m [1mUnexpected closing "AnimatedPage" tag does not match opening "div" tag[0m

    src/pages/portal/PortalDashboardV3.jsx:392:6:
[37m      392 │     </[32mAnimatedPage[37m>
          │       [32m~~~~~~~~~~~~[37m
          ╵       [32mdiv[0m

  The opening "div" tag is here:

    src/pages/portal/PortalDashboardV3.jsx:199:7:
[37m      199 │       <[32mdiv[37m className="grid grid-cols-1 lg:grid-cols-3 gap-6">
          ╵        [32m~~~[0m


[31m✘ [41;31m[[41;97mERROR[41;31m][0m [1mUnexpected "if"[0m

    src/pages/portal/PortalDashboardV3.jsx:494:2:
[37m      494 │   [32mif[37m (!course.next_session) return null;
          ╵   [32m~~[0m


[31m✘ [41;31m[[41;97mERROR[41;31m][0m [1mUnexpected closing "div" tag does not match opening "motion.div" tag[0m

    src/pages/settings/SettingsPage.jsx:296:16:
[37m      296 │               </[32mdiv[37m>
          │                 [32m~~~[37m
          ╵                 [32mmotion.div[0m

  The opening "motion.div" tag is here:

    src/pages/settings/SettingsPage.jsx:257:17:
[37m      257 │                 <[32mmotion.div[37m 
          ╵                  [32m~~~~~~~~~~[0m


[31m✘ [41;31m[[41;97mERROR[41;31m][0m [1mUnexpected closing "CardContent" tag does not match opening "motion.div" tag[0m

    src/pages/settings/SettingsPage.jsx:389:14:
[37m      389 │             </[32mCardContent[37m>
          │               [32m~~~~~~~~~~~[37m
          ╵               [32mmotion.div[0m

  The opening "motion.div" tag is here:

    src/pages/settings/SettingsPage.jsx:251:15:
[37m      251 │               <[32mmotion.div[37m 
          ╵                [32m~~~~~~~~~~[0m


[31m✘ [41;31m[[41;97mERROR[41;31m][0m [1mUnexpected closing "TabContent" tag does not match opening "CardContent" tag[0m

    src/pages/settings/SettingsPage.jsx:401:12:
[37m      401 │           </[32mTabContent[37m>
          │             [32m~~~~~~~~~~[37m
          ╵             [32mCardContent[0m

  The opening "CardContent" tag is here:

    src/pages/settings/SettingsPage.jsx:250:13:
[37m      250 │             <[32mCardContent[37m>
          ╵              [32m~~~~~~~~~~~[0m


[31m✘ [41;31m[[41;97mERROR[41;31m][0m [1mUnexpected closing "Tabs" tag does not match opening "TabContent" tag[0m

    src/pages/settings/SettingsPage.jsx:625:10:
[37m      625 │         </[32mTabs[37m>
          │           [32m~~~~[37m
          ╵           [32mTabContent[0m

  The opening "TabContent" tag is here:

    src/pages/settings/SettingsPage.jsx:249:11:
[37m      249 │           <[32mTabContent[37m value="notifications">
          ╵            [32m~~~~~~~~~~[0m


[31m✘ [41;31m[[41;97mERROR[41;31m][0m [1mUnexpected closing "AnimatedCard" tag does not match opening "Tabs" tag[0m

    src/pages/settings/SettingsPage.jsx:626:8:
[37m      626 │       </[32mAnimatedCard[37m>
          │         [32m~~~~~~~~~~~~[37m
          ╵         [32mTabs[0m

  The opening "Tabs" tag is here:

    src/pages/settings/SettingsPage.jsx:226:9:
[37m      226 │         <[32mTabs[37m value={activeTab} onValueChange={setActiveTab}>
          ╵          [32m~~~~[0m


[31m✘ [41;31m[[41;97mERROR[41;31m][0m [1mUnexpected closing "AnimatedPage" tag does not match opening "AnimatedCard" tag[0m

    src/pages/settings/SettingsPage.jsx:627:6:
[37m      627 │     </[32mAnimatedPage[37m>
          │       [32m~~~~~~~~~~~~[37m
          ╵       [32mAnimatedCard[0m

  The opening "AnimatedCard" tag is here:

    src/pages/settings/SettingsPage.jsx:218:7:
[37m      218 │       <[32mAnimatedCard[37m>
          ╵        [32m~~~~~~~~~~~~[0m


[31m✘ [41;31m[[41;97mERROR[41;31m][0m [1mUnexpected end of file before a closing "AnimatedPage" tag[0m

    src/pages/settings/SettingsPage.jsx:631:28:
[37m      631 │ export default SettingsPage;[32m[37m
          │                             [32m^[37m
          ╵                             [32m</AnimatedPage>[0m

  The opening "AnimatedPage" tag is here:

    src/pages/settings/SettingsPage.jsx:208:5:
[37m      208 │     <[32mAnimatedPage[37m className="container mx-auto py-8 px-4">
          ╵      [32m~~~~~~~~~~~~[0m


    at failureErrorWithLog (/Users/mikail/Desktop/BDC/client/node_modules/esbuild/lib/main.js:1472:15)
    at /Users/mikail/Desktop/BDC/client/node_modules/esbuild/lib/main.js:945:25
    at runOnEndCallbacks (/Users/mikail/Desktop/BDC/client/node_modules/esbuild/lib/main.js:1315:45)
    at buildResponseToResult (/Users/mikail/Desktop/BDC/client/node_modules/esbuild/lib/main.js:943:7)
    at /Users/mikail/Desktop/BDC/client/node_modules/esbuild/lib/main.js:955:9
    at new Promise (<anonymous>)
    at requestCallbacks.on-end (/Users/mikail/Desktop/BDC/client/node_modules/esbuild/lib/main.js:954:54)
    at handleRequest (/Users/mikail/Desktop/BDC/client/node_modules/esbuild/lib/main.js:647:17)
    at handleIncomingPacket (/Users/mikail/Desktop/BDC/client/node_modules/esbuild/lib/main.js:672:7)
    at Socket.readFromStdout (/Users/mikail/Desktop/BDC/client/node_modules/esbuild/lib/main.js:600:7)
    at Socket.emit (node:events:507:28)
    at addChunk (node:internal/streams/readable:559:12)
    at readableAddChunkPushByteMode (node:internal/streams/readable:510:3)
    at Readable.push (node:internal/streams/readable:390:5)
    at Pipe.onStreamRead (node:internal/stream_base_commons:189:23)
1:34:51 PM [vite] vite.config.js changed, restarting server...
1:34:51 PM [vite] server restarted.
Error:   Failed to scan for dependencies from entries:
  /Users/mikail/Desktop/BDC/client/index.html
/Users/mikail/Desktop/BDC/client/public/test-auth.html
/Users/mikail/Desktop/BDC/client/public/test-beneficiaries.html
/Users/mikail/Desktop/BDC/client/public/test-calendar.html
/Users/mikail/Desktop/BDC/client/public/test-documents.html
/Users/mikail/Desktop/BDC/client/public/test-evaluations.html
/Users/mikail/Desktop/BDC/client/public/test-login.html
/Users/mikail/Desktop/BDC/client/public/test-navigation.html
/Users/mikail/Desktop/BDC/client/public/test-programs.html
/Users/mikail/Desktop/BDC/client/public/test-reports.html
/Users/mikail/Desktop/BDC/client/public/test-tenants.html
/Users/mikail/Desktop/BDC/client/public/test-user-settings.html
/Users/mikail/Desktop/BDC/client/public/test-users.html
/Users/mikail/Desktop/BDC/client/public/test.html
/Users/mikail/Desktop/BDC/client/public/ui-test-runner.html

  [31m✘ [41;31m[[41;97mERROR[41;31m][0m [1mThe symbol "ThemeProvider" has already been declared[0m

    src/App.jsx:99:7:
[37m      99 │ import [32mThemeProvider[37m from './providers/ThemeProvider';
         ╵        [32m~~~~~~~~~~~~~[0m

  The symbol "ThemeProvider" was originally declared here:

    src/App.jsx:9:9:
[37m      9 │ import { [32mThemeProvider[37m } from './contexts/ThemeContext';
        ╵          [32m~~~~~~~~~~~~~[0m


[31m✘ [41;31m[[41;97mERROR[41;31m][0m [1mUnexpected closing "Card" tag does not match opening "AnimatedCard" tag[0m

    src/pages/dashboard/DashboardPageEnhanced.jsx:182:8:
[37m      182 │       </[32mCard[37m>
          │         [32m~~~~[37m
          ╵         [32mAnimatedCard[0m

  The opening "AnimatedCard" tag is here:

    src/pages/dashboard/DashboardPageEnhanced.jsx:153:7:
[37m      153 │       <[32mAnimatedCard[37m className="hover:shadow-lg transition-shadow ...
          ╵        [32m~~~~~~~~~~~~[0m


[31m✘ [41;31m[[41;97mERROR[41;31m][0m [1mUnexpected closing "div" tag does not match opening "motion.div" tag[0m

    src/pages/dashboard/DashboardPageEnhanced.jsx:278:10:
[37m      278 │         </[32mdiv[37m>
          │           [32m~~~[37m
          ╵           [32mmotion.div[0m

  The opening "motion.div" tag is here:

    src/pages/dashboard/DashboardPageEnhanced.jsx:208:9:
[37m      208 │         <[32mmotion.div[37m 
          ╵          [32m~~~~~~~~~~[0m


[31m✘ [41;31m[[41;97mERROR[41;31m][0m [1mUnexpected closing "motion.div" tag does not match opening "div" tag[0m

    src/pages/dashboard/DashboardPageEnhanced.jsx:405:10:
[37m      405 │         </[32mmotion.div[37m>
          │           [32m~~~~~~~~~~[37m
          ╵           [32mdiv[0m

  The opening "div" tag is here:

    src/pages/dashboard/DashboardPageEnhanced.jsx:281:9:
[37m      281 │         <[32mdiv[37m className="grid grid-cols-1 gap-6 lg:grid-cols-2">
          ╵          [32m~~~[0m


[31m✘ [41;31m[[41;97mERROR[41;31m][0m [1mUnexpected closing "div" tag does not match opening "OptimizedAnimation" tag[0m

    src/pages/portal/PortalDashboardV3.jsx:390:10:
[37m      390 │         </[32mdiv[37m>
          │           [32m~~~[37m
          ╵           [32mOptimizedAnimation[0m

  The opening "OptimizedAnimation" tag is here:

    src/pages/portal/PortalDashboardV3.jsx:314:11:
[37m      314 │           <[32mOptimizedAnimation[37m threshold={0.3}>
          ╵            [32m~~~~~~~~~~~~~~~~~~[0m


[31m✘ [41;31m[[41;97mERROR[41;31m][0m [1mUnexpected closing "AnimatedPage" tag does not match opening "div" tag[0m

    src/pages/portal/PortalDashboardV3.jsx:392:6:
[37m      392 │     </[32mAnimatedPage[37m>
          │       [32m~~~~~~~~~~~~[37m
          ╵       [32mdiv[0m

  The opening "div" tag is here:

    src/pages/portal/PortalDashboardV3.jsx:199:7:
[37m      199 │       <[32mdiv[37m className="grid grid-cols-1 lg:grid-cols-3 gap-6">
          ╵        [32m~~~[0m


[31m✘ [41;31m[[41;97mERROR[41;31m][0m [1mUnexpected "if"[0m

    src/pages/portal/PortalDashboardV3.jsx:494:2:
[37m      494 │   [32mif[37m (!course.next_session) return null;
          ╵   [32m~~[0m


[31m✘ [41;31m[[41;97mERROR[41;31m][0m [1mUnexpected closing "div" tag does not match opening "motion.div" tag[0m

    src/pages/settings/SettingsPage.jsx:296:16:
[37m      296 │               </[32mdiv[37m>
          │                 [32m~~~[37m
          ╵                 [32mmotion.div[0m

  The opening "motion.div" tag is here:

    src/pages/settings/SettingsPage.jsx:257:17:
[37m      257 │                 <[32mmotion.div[37m 
          ╵                  [32m~~~~~~~~~~[0m


[31m✘ [41;31m[[41;97mERROR[41;31m][0m [1mUnexpected closing "CardContent" tag does not match opening "motion.div" tag[0m

    src/pages/settings/SettingsPage.jsx:389:14:
[37m      389 │             </[32mCardContent[37m>
          │               [32m~~~~~~~~~~~[37m
          ╵               [32mmotion.div[0m

  The opening "motion.div" tag is here:

    src/pages/settings/SettingsPage.jsx:251:15:
[37m      251 │               <[32mmotion.div[37m 
          ╵                [32m~~~~~~~~~~[0m


[31m✘ [41;31m[[41;97mERROR[41;31m][0m [1mUnexpected closing "TabContent" tag does not match opening "CardContent" tag[0m

    src/pages/settings/SettingsPage.jsx:401:12:
[37m      401 │           </[32mTabContent[37m>
          │             [32m~~~~~~~~~~[37m
          ╵             [32mCardContent[0m

  The opening "CardContent" tag is here:

    src/pages/settings/SettingsPage.jsx:250:13:
[37m      250 │             <[32mCardContent[37m>
          ╵              [32m~~~~~~~~~~~[0m


[31m✘ [41;31m[[41;97mERROR[41;31m][0m [1mUnexpected closing "Tabs" tag does not match opening "TabContent" tag[0m

    src/pages/settings/SettingsPage.jsx:625:10:
[37m      625 │         </[32mTabs[37m>
          │           [32m~~~~[37m
          ╵           [32mTabContent[0m

  The opening "TabContent" tag is here:

    src/pages/settings/SettingsPage.jsx:249:11:
[37m      249 │           <[32mTabContent[37m value="notifications">
          ╵            [32m~~~~~~~~~~[0m


[31m✘ [41;31m[[41;97mERROR[41;31m][0m [1mUnexpected closing "AnimatedCard" tag does not match opening "Tabs" tag[0m

    src/pages/settings/SettingsPage.jsx:626:8:
[37m      626 │       </[32mAnimatedCard[37m>
          │         [32m~~~~~~~~~~~~[37m
          ╵         [32mTabs[0m

  The opening "Tabs" tag is here:

    src/pages/settings/SettingsPage.jsx:226:9:
[37m      226 │         <[32mTabs[37m value={activeTab} onValueChange={setActiveTab}>
          ╵          [32m~~~~[0m


[31m✘ [41;31m[[41;97mERROR[41;31m][0m [1mUnexpected closing "AnimatedPage" tag does not match opening "AnimatedCard" tag[0m

    src/pages/settings/SettingsPage.jsx:627:6:
[37m      627 │     </[32mAnimatedPage[37m>
          │       [32m~~~~~~~~~~~~[37m
          ╵       [32mAnimatedCard[0m

  The opening "AnimatedCard" tag is here:

    src/pages/settings/SettingsPage.jsx:218:7:
[37m      218 │       <[32mAnimatedCard[37m>
          ╵        [32m~~~~~~~~~~~~[0m


[31m✘ [41;31m[[41;97mERROR[41;31m][0m [1mUnexpected end of file before a closing "AnimatedPage" tag[0m

    src/pages/settings/SettingsPage.jsx:631:28:
[37m      631 │ export default SettingsPage;[32m[37m
          │                             [32m^[37m
          ╵                             [32m</AnimatedPage>[0m

  The opening "AnimatedPage" tag is here:

    src/pages/settings/SettingsPage.jsx:208:5:
[37m      208 │     <[32mAnimatedPage[37m className="container mx-auto py-8 px-4">
          ╵      [32m~~~~~~~~~~~~[0m


    at failureErrorWithLog (/Users/mikail/Desktop/BDC/client/node_modules/esbuild/lib/main.js:1472:15)
    at /Users/mikail/Desktop/BDC/client/node_modules/esbuild/lib/main.js:945:25
    at runOnEndCallbacks (/Users/mikail/Desktop/BDC/client/node_modules/esbuild/lib/main.js:1315:45)
    at buildResponseToResult (/Users/mikail/Desktop/BDC/client/node_modules/esbuild/lib/main.js:943:7)
    at /Users/mikail/Desktop/BDC/client/node_modules/esbuild/lib/main.js:955:9
    at new Promise (<anonymous>)
    at requestCallbacks.on-end (/Users/mikail/Desktop/BDC/client/node_modules/esbuild/lib/main.js:954:54)
    at handleRequest (/Users/mikail/Desktop/BDC/client/node_modules/esbuild/lib/main.js:647:17)
    at handleIncomingPacket (/Users/mikail/Desktop/BDC/client/node_modules/esbuild/lib/main.js:672:7)
    at Socket.readFromStdout (/Users/mikail/Desktop/BDC/client/node_modules/esbuild/lib/main.js:600:7)
    at Socket.emit (node:events:507:28)
    at addChunk (node:internal/streams/readable:559:12)
    at readableAddChunkPushByteMode (node:internal/streams/readable:510:3)
    at Readable.push (node:internal/streams/readable:390:5)
    at Pipe.onStreamRead (node:internal/stream_base_commons:189:23)
1:36:12 PM [vite] vite.config.js changed, restarting server...
1:36:12 PM [vite] server restarted.
Error:   Failed to scan for dependencies from entries:
  /Users/mikail/Desktop/BDC/client/index.html
/Users/mikail/Desktop/BDC/client/public/test-auth.html
/Users/mikail/Desktop/BDC/client/public/test-beneficiaries.html
/Users/mikail/Desktop/BDC/client/public/test-calendar.html
/Users/mikail/Desktop/BDC/client/public/test-documents.html
/Users/mikail/Desktop/BDC/client/public/test-evaluations.html
/Users/mikail/Desktop/BDC/client/public/test-login.html
/Users/mikail/Desktop/BDC/client/public/test-navigation.html
/Users/mikail/Desktop/BDC/client/public/test-programs.html
/Users/mikail/Desktop/BDC/client/public/test-reports.html
/Users/mikail/Desktop/BDC/client/public/test-tenants.html
/Users/mikail/Desktop/BDC/client/public/test-user-settings.html
/Users/mikail/Desktop/BDC/client/public/test-users.html
/Users/mikail/Desktop/BDC/client/public/test.html
/Users/mikail/Desktop/BDC/client/public/ui-test-runner.html

  [31m✘ [41;31m[[41;97mERROR[41;31m][0m [1mThe symbol "ThemeProvider" has already been declared[0m

    src/App.jsx:99:7:
[37m      99 │ import [32mThemeProvider[37m from './providers/ThemeProvider';
         ╵        [32m~~~~~~~~~~~~~[0m

  The symbol "ThemeProvider" was originally declared here:

    src/App.jsx:9:9:
[37m      9 │ import { [32mThemeProvider[37m } from './contexts/ThemeContext';
        ╵          [32m~~~~~~~~~~~~~[0m


[31m✘ [41;31m[[41;97mERROR[41;31m][0m [1mUnexpected closing "Card" tag does not match opening "AnimatedCard" tag[0m

    src/pages/dashboard/DashboardPageEnhanced.jsx:182:8:
[37m      182 │       </[32mCard[37m>
          │         [32m~~~~[37m
          ╵         [32mAnimatedCard[0m

  The opening "AnimatedCard" tag is here:

    src/pages/dashboard/DashboardPageEnhanced.jsx:153:7:
[37m      153 │       <[32mAnimatedCard[37m className="hover:shadow-lg transition-shadow ...
          ╵        [32m~~~~~~~~~~~~[0m


[31m✘ [41;31m[[41;97mERROR[41;31m][0m [1mUnexpected closing "div" tag does not match opening "motion.div" tag[0m

    src/pages/dashboard/DashboardPageEnhanced.jsx:278:10:
[37m      278 │         </[32mdiv[37m>
          │           [32m~~~[37m
          ╵           [32mmotion.div[0m

  The opening "motion.div" tag is here:

    src/pages/dashboard/DashboardPageEnhanced.jsx:208:9:
[37m      208 │         <[32mmotion.div[37m 
          ╵          [32m~~~~~~~~~~[0m


[31m✘ [41;31m[[41;97mERROR[41;31m][0m [1mUnexpected closing "motion.div" tag does not match opening "div" tag[0m

    src/pages/dashboard/DashboardPageEnhanced.jsx:405:10:
[37m      405 │         </[32mmotion.div[37m>
          │           [32m~~~~~~~~~~[37m
          ╵           [32mdiv[0m

  The opening "div" tag is here:

    src/pages/dashboard/DashboardPageEnhanced.jsx:281:9:
[37m      281 │         <[32mdiv[37m className="grid grid-cols-1 gap-6 lg:grid-cols-2">
          ╵          [32m~~~[0m


[31m✘ [41;31m[[41;97mERROR[41;31m][0m [1mUnexpected closing "div" tag does not match opening "OptimizedAnimation" tag[0m

    src/pages/portal/PortalDashboardV3.jsx:390:10:
[37m      390 │         </[32mdiv[37m>
          │           [32m~~~[37m
          ╵           [32mOptimizedAnimation[0m

  The opening "OptimizedAnimation" tag is here:

    src/pages/portal/PortalDashboardV3.jsx:314:11:
[37m      314 │           <[32mOptimizedAnimation[37m threshold={0.3}>
          ╵            [32m~~~~~~~~~~~~~~~~~~[0m


[31m✘ [41;31m[[41;97mERROR[41;31m][0m [1mUnexpected closing "AnimatedPage" tag does not match opening "div" tag[0m

    src/pages/portal/PortalDashboardV3.jsx:392:6:
[37m      392 │     </[32mAnimatedPage[37m>
          │       [32m~~~~~~~~~~~~[37m
          ╵       [32mdiv[0m

  The opening "div" tag is here:

    src/pages/portal/PortalDashboardV3.jsx:199:7:
[37m      199 │       <[32mdiv[37m className="grid grid-cols-1 lg:grid-cols-3 gap-6">
          ╵        [32m~~~[0m


[31m✘ [41;31m[[41;97mERROR[41;31m][0m [1mUnexpected "if"[0m

    src/pages/portal/PortalDashboardV3.jsx:494:2:
[37m      494 │   [32mif[37m (!course.next_session) return null;
          ╵   [32m~~[0m


[31m✘ [41;31m[[41;97mERROR[41;31m][0m [1mUnexpected closing "div" tag does not match opening "motion.div" tag[0m

    src/pages/settings/SettingsPage.jsx:296:16:
[37m      296 │               </[32mdiv[37m>
          │                 [32m~~~[37m
          ╵                 [32mmotion.div[0m

  The opening "motion.div" tag is here:

    src/pages/settings/SettingsPage.jsx:257:17:
[37m      257 │                 <[32mmotion.div[37m 
          ╵                  [32m~~~~~~~~~~[0m


[31m✘ [41;31m[[41;97mERROR[41;31m][0m [1mUnexpected closing "CardContent" tag does not match opening "motion.div" tag[0m

    src/pages/settings/SettingsPage.jsx:389:14:
[37m      389 │             </[32mCardContent[37m>
          │               [32m~~~~~~~~~~~[37m
          ╵               [32mmotion.div[0m

  The opening "motion.div" tag is here:

    src/pages/settings/SettingsPage.jsx:251:15:
[37m      251 │               <[32mmotion.div[37m 
          ╵                [32m~~~~~~~~~~[0m


[31m✘ [41;31m[[41;97mERROR[41;31m][0m [1mUnexpected closing "TabContent" tag does not match opening "CardContent" tag[0m

    src/pages/settings/SettingsPage.jsx:401:12:
[37m      401 │           </[32mTabContent[37m>
          │             [32m~~~~~~~~~~[37m
          ╵             [32mCardContent[0m

  The opening "CardContent" tag is here:

    src/pages/settings/SettingsPage.jsx:250:13:
[37m      250 │             <[32mCardContent[37m>
          ╵              [32m~~~~~~~~~~~[0m


[31m✘ [41;31m[[41;97mERROR[41;31m][0m [1mUnexpected closing "Tabs" tag does not match opening "TabContent" tag[0m

    src/pages/settings/SettingsPage.jsx:625:10:
[37m      625 │         </[32mTabs[37m>
          │           [32m~~~~[37m
          ╵           [32mTabContent[0m

  The opening "TabContent" tag is here:

    src/pages/settings/SettingsPage.jsx:249:11:
[37m      249 │           <[32mTabContent[37m value="notifications">
          ╵            [32m~~~~~~~~~~[0m


[31m✘ [41;31m[[41;97mERROR[41;31m][0m [1mUnexpected closing "AnimatedCard" tag does not match opening "Tabs" tag[0m

    src/pages/settings/SettingsPage.jsx:626:8:
[37m      626 │       </[32mAnimatedCard[37m>
          │         [32m~~~~~~~~~~~~[37m
          ╵         [32mTabs[0m

  The opening "Tabs" tag is here:

    src/pages/settings/SettingsPage.jsx:226:9:
[37m      226 │         <[32mTabs[37m value={activeTab} onValueChange={setActiveTab}>
          ╵          [32m~~~~[0m


[31m✘ [41;31m[[41;97mERROR[41;31m][0m [1mUnexpected closing "AnimatedPage" tag does not match opening "AnimatedCard" tag[0m

    src/pages/settings/SettingsPage.jsx:627:6:
[37m      627 │     </[32mAnimatedPage[37m>
          │       [32m~~~~~~~~~~~~[37m
          ╵       [32mAnimatedCard[0m

  The opening "AnimatedCard" tag is here:

    src/pages/settings/SettingsPage.jsx:218:7:
[37m      218 │       <[32mAnimatedCard[37m>
          ╵        [32m~~~~~~~~~~~~[0m


[31m✘ [41;31m[[41;97mERROR[41;31m][0m [1mUnexpected end of file before a closing "AnimatedPage" tag[0m

    src/pages/settings/SettingsPage.jsx:631:28:
[37m      631 │ export default SettingsPage;[32m[37m
          │                             [32m^[37m
          ╵                             [32m</AnimatedPage>[0m

  The opening "AnimatedPage" tag is here:

    src/pages/settings/SettingsPage.jsx:208:5:
[37m      208 │     <[32mAnimatedPage[37m className="container mx-auto py-8 px-4">
          ╵      [32m~~~~~~~~~~~~[0m


    at failureErrorWithLog (/Users/mikail/Desktop/BDC/client/node_modules/esbuild/lib/main.js:1472:15)
    at /Users/mikail/Desktop/BDC/client/node_modules/esbuild/lib/main.js:945:25
    at runOnEndCallbacks (/Users/mikail/Desktop/BDC/client/node_modules/esbuild/lib/main.js:1315:45)
    at buildResponseToResult (/Users/mikail/Desktop/BDC/client/node_modules/esbuild/lib/main.js:943:7)
    at /Users/mikail/Desktop/BDC/client/node_modules/esbuild/lib/main.js:955:9
    at new Promise (<anonymous>)
    at requestCallbacks.on-end (/Users/mikail/Desktop/BDC/client/node_modules/esbuild/lib/main.js:954:54)
    at handleRequest (/Users/mikail/Desktop/BDC/client/node_modules/esbuild/lib/main.js:647:17)
    at handleIncomingPacket (/Users/mikail/Desktop/BDC/client/node_modules/esbuild/lib/main.js:672:7)
    at Socket.readFromStdout (/Users/mikail/Desktop/BDC/client/node_modules/esbuild/lib/main.js:600:7)
    at Socket.emit (node:events:507:28)
    at addChunk (node:internal/streams/readable:559:12)
    at readableAddChunkPushByteMode (node:internal/streams/readable:510:3)
    at Readable.push (node:internal/streams/readable:390:5)
    at Pipe.onStreamRead (node:internal/stream_base_commons:189:23)
1:36:16 PM [vite] vite.config.js changed, restarting server...
1:36:16 PM [vite] server restarted.
Error:   Failed to scan for dependencies from entries:
  /Users/mikail/Desktop/BDC/client/index.html
/Users/mikail/Desktop/BDC/client/public/test-auth.html
/Users/mikail/Desktop/BDC/client/public/test-beneficiaries.html
/Users/mikail/Desktop/BDC/client/public/test-calendar.html
/Users/mikail/Desktop/BDC/client/public/test-documents.html
/Users/mikail/Desktop/BDC/client/public/test-evaluations.html
/Users/mikail/Desktop/BDC/client/public/test-login.html
/Users/mikail/Desktop/BDC/client/public/test-navigation.html
/Users/mikail/Desktop/BDC/client/public/test-programs.html
/Users/mikail/Desktop/BDC/client/public/test-reports.html
/Users/mikail/Desktop/BDC/client/public/test-tenants.html
/Users/mikail/Desktop/BDC/client/public/test-user-settings.html
/Users/mikail/Desktop/BDC/client/public/test-users.html
/Users/mikail/Desktop/BDC/client/public/test.html
/Users/mikail/Desktop/BDC/client/public/ui-test-runner.html

  [31m✘ [41;31m[[41;97mERROR[41;31m][0m [1mThe symbol "ThemeProvider" has already been declared[0m

    src/App.jsx:99:7:
[37m      99 │ import [32mThemeProvider[37m from './providers/ThemeProvider';
         ╵        [32m~~~~~~~~~~~~~[0m

  The symbol "ThemeProvider" was originally declared here:

    src/App.jsx:9:9:
[37m      9 │ import { [32mThemeProvider[37m } from './contexts/ThemeContext';
        ╵          [32m~~~~~~~~~~~~~[0m


[31m✘ [41;31m[[41;97mERROR[41;31m][0m [1mUnexpected closing "Card" tag does not match opening "AnimatedCard" tag[0m

    src/pages/dashboard/DashboardPageEnhanced.jsx:182:8:
[37m      182 │       </[32mCard[37m>
          │         [32m~~~~[37m
          ╵         [32mAnimatedCard[0m

  The opening "AnimatedCard" tag is here:

    src/pages/dashboard/DashboardPageEnhanced.jsx:153:7:
[37m      153 │       <[32mAnimatedCard[37m className="hover:shadow-lg transition-shadow ...
          ╵        [32m~~~~~~~~~~~~[0m


[31m✘ [41;31m[[41;97mERROR[41;31m][0m [1mUnexpected closing "div" tag does not match opening "motion.div" tag[0m

    src/pages/dashboard/DashboardPageEnhanced.jsx:278:10:
[37m      278 │         </[32mdiv[37m>
          │           [32m~~~[37m
          ╵           [32mmotion.div[0m

  The opening "motion.div" tag is here:

    src/pages/dashboard/DashboardPageEnhanced.jsx:208:9:
[37m      208 │         <[32mmotion.div[37m 
          ╵          [32m~~~~~~~~~~[0m


[31m✘ [41;31m[[41;97mERROR[41;31m][0m [1mUnexpected closing "motion.div" tag does not match opening "div" tag[0m

    src/pages/dashboard/DashboardPageEnhanced.jsx:405:10:
[37m      405 │         </[32mmotion.div[37m>
          │           [32m~~~~~~~~~~[37m
          ╵           [32mdiv[0m

  The opening "div" tag is here:

    src/pages/dashboard/DashboardPageEnhanced.jsx:281:9:
[37m      281 │         <[32mdiv[37m className="grid grid-cols-1 gap-6 lg:grid-cols-2">
          ╵          [32m~~~[0m


[31m✘ [41;31m[[41;97mERROR[41;31m][0m [1mUnexpected closing "div" tag does not match opening "OptimizedAnimation" tag[0m

    src/pages/portal/PortalDashboardV3.jsx:390:10:
[37m      390 │         </[32mdiv[37m>
          │           [32m~~~[37m
          ╵           [32mOptimizedAnimation[0m

  The opening "OptimizedAnimation" tag is here:

    src/pages/portal/PortalDashboardV3.jsx:314:11:
[37m      314 │           <[32mOptimizedAnimation[37m threshold={0.3}>
          ╵            [32m~~~~~~~~~~~~~~~~~~[0m


[31m✘ [41;31m[[41;97mERROR[41;31m][0m [1mUnexpected closing "AnimatedPage" tag does not match opening "div" tag[0m

    src/pages/portal/PortalDashboardV3.jsx:392:6:
[37m      392 │     </[32mAnimatedPage[37m>
          │       [32m~~~~~~~~~~~~[37m
          ╵       [32mdiv[0m

  The opening "div" tag is here:

    src/pages/portal/PortalDashboardV3.jsx:199:7:
[37m      199 │       <[32mdiv[37m className="grid grid-cols-1 lg:grid-cols-3 gap-6">
          ╵        [32m~~~[0m


[31m✘ [41;31m[[41;97mERROR[41;31m][0m [1mUnexpected "if"[0m

    src/pages/portal/PortalDashboardV3.jsx:494:2:
[37m      494 │   [32mif[37m (!course.next_session) return null;
          ╵   [32m~~[0m


[31m✘ [41;31m[[41;97mERROR[41;31m][0m [1mUnexpected closing "div" tag does not match opening "motion.div" tag[0m

    src/pages/settings/SettingsPage.jsx:296:16:
[37m      296 │               </[32mdiv[37m>
          │                 [32m~~~[37m
          ╵                 [32mmotion.div[0m

  The opening "motion.div" tag is here:

    src/pages/settings/SettingsPage.jsx:257:17:
[37m      257 │                 <[32mmotion.div[37m 
          ╵                  [32m~~~~~~~~~~[0m


[31m✘ [41;31m[[41;97mERROR[41;31m][0m [1mUnexpected closing "CardContent" tag does not match opening "motion.div" tag[0m

    src/pages/settings/SettingsPage.jsx:389:14:
[37m      389 │             </[32mCardContent[37m>
          │               [32m~~~~~~~~~~~[37m
          ╵               [32mmotion.div[0m

  The opening "motion.div" tag is here:

    src/pages/settings/SettingsPage.jsx:251:15:
[37m      251 │               <[32mmotion.div[37m 
          ╵                [32m~~~~~~~~~~[0m


[31m✘ [41;31m[[41;97mERROR[41;31m][0m [1mUnexpected closing "TabContent" tag does not match opening "CardContent" tag[0m

    src/pages/settings/SettingsPage.jsx:401:12:
[37m      401 │           </[32mTabContent[37m>
          │             [32m~~~~~~~~~~[37m
          ╵             [32mCardContent[0m

  The opening "CardContent" tag is here:

    src/pages/settings/SettingsPage.jsx:250:13:
[37m      250 │             <[32mCardContent[37m>
          ╵              [32m~~~~~~~~~~~[0m


[31m✘ [41;31m[[41;97mERROR[41;31m][0m [1mUnexpected closing "Tabs" tag does not match opening "TabContent" tag[0m

    src/pages/settings/SettingsPage.jsx:625:10:
[37m      625 │         </[32mTabs[37m>
          │           [32m~~~~[37m
          ╵           [32mTabContent[0m

  The opening "TabContent" tag is here:

    src/pages/settings/SettingsPage.jsx:249:11:
[37m      249 │           <[32mTabContent[37m value="notifications">
          ╵            [32m~~~~~~~~~~[0m


[31m✘ [41;31m[[41;97mERROR[41;31m][0m [1mUnexpected closing "AnimatedCard" tag does not match opening "Tabs" tag[0m

    src/pages/settings/SettingsPage.jsx:626:8:
[37m      626 │       </[32mAnimatedCard[37m>
          │         [32m~~~~~~~~~~~~[37m
          ╵         [32mTabs[0m

  The opening "Tabs" tag is here:

    src/pages/settings/SettingsPage.jsx:226:9:
[37m      226 │         <[32mTabs[37m value={activeTab} onValueChange={setActiveTab}>
          ╵          [32m~~~~[0m


[31m✘ [41;31m[[41;97mERROR[41;31m][0m [1mUnexpected closing "AnimatedPage" tag does not match opening "AnimatedCard" tag[0m

    src/pages/settings/SettingsPage.jsx:627:6:
[37m      627 │     </[32mAnimatedPage[37m>
          │       [32m~~~~~~~~~~~~[37m
          ╵       [32mAnimatedCard[0m

  The opening "AnimatedCard" tag is here:

    src/pages/settings/SettingsPage.jsx:218:7:
[37m      218 │       <[32mAnimatedCard[37m>
          ╵        [32m~~~~~~~~~~~~[0m


[31m✘ [41;31m[[41;97mERROR[41;31m][0m [1mUnexpected end of file before a closing "AnimatedPage" tag[0m

    src/pages/settings/SettingsPage.jsx:631:28:
[37m      631 │ export default SettingsPage;[32m[37m
          │                             [32m^[37m
          ╵                             [32m</AnimatedPage>[0m

  The opening "AnimatedPage" tag is here:

    src/pages/settings/SettingsPage.jsx:208:5:
[37m      208 │     <[32mAnimatedPage[37m className="container mx-auto py-8 px-4">
          ╵      [32m~~~~~~~~~~~~[0m


    at failureErrorWithLog (/Users/mikail/Desktop/BDC/client/node_modules/esbuild/lib/main.js:1472:15)
    at /Users/mikail/Desktop/BDC/client/node_modules/esbuild/lib/main.js:945:25
    at runOnEndCallbacks (/Users/mikail/Desktop/BDC/client/node_modules/esbuild/lib/main.js:1315:45)
    at buildResponseToResult (/Users/mikail/Desktop/BDC/client/node_modules/esbuild/lib/main.js:943:7)
    at /Users/mikail/Desktop/BDC/client/node_modules/esbuild/lib/main.js:955:9
    at new Promise (<anonymous>)
    at requestCallbacks.on-end (/Users/mikail/Desktop/BDC/client/node_modules/esbuild/lib/main.js:954:54)
    at handleRequest (/Users/mikail/Desktop/BDC/client/node_modules/esbuild/lib/main.js:647:17)
    at handleIncomingPacket (/Users/mikail/Desktop/BDC/client/node_modules/esbuild/lib/main.js:672:7)
    at Socket.readFromStdout (/Users/mikail/Desktop/BDC/client/node_modules/esbuild/lib/main.js:600:7)
    at Socket.emit (node:events:507:28)
    at addChunk (node:internal/streams/readable:559:12)
    at readableAddChunkPushByteMode (node:internal/streams/readable:510:3)
    at Readable.push (node:internal/streams/readable:390:5)
    at Pipe.onStreamRead (node:internal/stream_base_commons:189:23)
1:49:45 PM [vite] Pre-transform error: /Users/mikail/Desktop/BDC/client/src/App.jsx: Identifier 'ThemeProvider' has already been declared. (99:7)

   97 | import NotificationPreferencesPageV2 from './pages/settings/NotificationPreferencesPageV2';
   98 | import NotificationProviderV2 from './providers/NotificationProviderV2';
>  99 | import ThemeProvider from './providers/ThemeProvider';
      |        ^
  100 | import GlobalErrorHandler from './components/common/GlobalErrorHandler';
  101 |
  102 | // Dashboard
[vite:css] @import must precede all other statements (besides @charset or empty @layer)
4  |  
5  |  /* Import dark theme styles */
6  |  @import './styles/dark-theme.css';
   |  ^^^^^^^^^^^^^^^^^^^^^^^^^^^^^^^^^^
7  |   
8  |  @layer base {
